<?xml version="1.0" encoding="UTF-8"?>
<testsuite name="FindElements" tests="1" skipped="0" failures="0" errors="0" timestamp="2024-04-04T14:29:20" hostname="MacBook-Pro-Macbook.local" time="24.047">
  <properties/>
  <testcase name="sampleTest" classname="FindElements" time="24.047"/>
  <system-out><![CDATA[]]></system-out>
  <system-err><![CDATA[апр. 04, 2024 5:29:39 PM io.appium.java_client.remote.AppiumCommandExecutor$1 lambda$0
INFO: Detected dialect: W3C
]]></system-err>
</testsuite>
